[2025-03-27T06:49:40.871+0000] {taskinstance.py:1157} INFO - Dependencies all met for dep_context=non-requeueable deps ti=<TaskInstance: british_pipeline.scrape_british_data manual__2025-03-27T06:49:39.324966+00:00 [queued]>
[2025-03-27T06:49:40.876+0000] {taskinstance.py:1157} INFO - Dependencies all met for dep_context=requeueable deps ti=<TaskInstance: british_pipeline.scrape_british_data manual__2025-03-27T06:49:39.324966+00:00 [queued]>
[2025-03-27T06:49:40.876+0000] {taskinstance.py:1359} INFO - Starting attempt 1 of 2
[2025-03-27T06:49:40.885+0000] {taskinstance.py:1380} INFO - Executing <Task(BashOperator): scrape_british_data> on 2025-03-27 06:49:39.324966+00:00
[2025-03-27T06:49:40.888+0000] {standard_task_runner.py:57} INFO - Started process 389 to run task
[2025-03-27T06:49:40.892+0000] {standard_task_runner.py:84} INFO - Running: ['***', 'tasks', 'run', 'british_pipeline', 'scrape_british_data', 'manual__2025-03-27T06:49:39.324966+00:00', '--job-id', '38', '--raw', '--subdir', 'DAGS_FOLDER/main_dag.py', '--cfg-path', '/tmp/tmp0q9skjnl']
[2025-03-27T06:49:40.895+0000] {standard_task_runner.py:85} INFO - Job 38: Subtask scrape_british_data
[2025-03-27T06:49:40.940+0000] {task_command.py:415} INFO - Running <TaskInstance: british_pipeline.scrape_british_data manual__2025-03-27T06:49:39.324966+00:00 [running]> on host 1e6a5d18e2dc
[2025-03-27T06:49:41.004+0000] {taskinstance.py:1660} INFO - Exporting env vars: AIRFLOW_CTX_DAG_OWNER='***' AIRFLOW_CTX_DAG_ID='british_pipeline' AIRFLOW_CTX_TASK_ID='scrape_british_data' AIRFLOW_CTX_EXECUTION_DATE='2025-03-27T06:49:39.324966+00:00' AIRFLOW_CTX_TRY_NUMBER='1' AIRFLOW_CTX_DAG_RUN_ID='manual__2025-03-27T06:49:39.324966+00:00'
[2025-03-27T06:49:41.005+0000] {subprocess.py:63} INFO - Tmp dir root location: /tmp
[2025-03-27T06:49:41.006+0000] {subprocess.py:75} INFO - Running command: ['/bin/bash', '-c', 'python /opt/***/tasks/scraper_extract/scraper.py']
[2025-03-27T06:49:41.010+0000] {subprocess.py:86} INFO - Output:
[2025-03-27T06:49:41.707+0000] {subprocess.py:93} INFO - 2025-03-27 06:49:41,706 - INFO - Scraping page 1...
[2025-03-27T06:49:41.710+0000] {subprocess.py:93} INFO - 2025-03-27 06:49:41,710 - ERROR - Failed to fetch page 1: Invalid URL '/page/1/?sortby=post_date%3ADesc&pagesize=100': No scheme supplied. Perhaps you meant https:///page/1/?sortby=post_date%3ADesc&pagesize=100?
[2025-03-27T06:49:41.710+0000] {subprocess.py:93} INFO - 2025-03-27 06:49:41,710 - INFO - Scraping page 2...
[2025-03-27T06:49:41.710+0000] {subprocess.py:93} INFO - 2025-03-27 06:49:41,710 - ERROR - Failed to fetch page 2: Invalid URL '/page/2/?sortby=post_date%3ADesc&pagesize=100': No scheme supplied. Perhaps you meant https:///page/2/?sortby=post_date%3ADesc&pagesize=100?
[2025-03-27T06:49:41.710+0000] {subprocess.py:93} INFO - 2025-03-27 06:49:41,710 - INFO - Scraping page 3...
[2025-03-27T06:49:41.710+0000] {subprocess.py:93} INFO - 2025-03-27 06:49:41,710 - ERROR - Failed to fetch page 3: Invalid URL '/page/3/?sortby=post_date%3ADesc&pagesize=100': No scheme supplied. Perhaps you meant https:///page/3/?sortby=post_date%3ADesc&pagesize=100?
[2025-03-27T06:49:41.711+0000] {subprocess.py:93} INFO - 2025-03-27 06:49:41,710 - INFO - Scraping page 4...
[2025-03-27T06:49:41.711+0000] {subprocess.py:93} INFO - 2025-03-27 06:49:41,710 - ERROR - Failed to fetch page 4: Invalid URL '/page/4/?sortby=post_date%3ADesc&pagesize=100': No scheme supplied. Perhaps you meant https:///page/4/?sortby=post_date%3ADesc&pagesize=100?
[2025-03-27T06:49:41.711+0000] {subprocess.py:93} INFO - 2025-03-27 06:49:41,710 - INFO - Scraping page 5...
[2025-03-27T06:49:41.711+0000] {subprocess.py:93} INFO - 2025-03-27 06:49:41,710 - ERROR - Failed to fetch page 5: Invalid URL '/page/5/?sortby=post_date%3ADesc&pagesize=100': No scheme supplied. Perhaps you meant https:///page/5/?sortby=post_date%3ADesc&pagesize=100?
[2025-03-27T06:49:41.711+0000] {subprocess.py:93} INFO - 2025-03-27 06:49:41,710 - INFO - Scraping page 6...
[2025-03-27T06:49:41.712+0000] {subprocess.py:93} INFO - 2025-03-27 06:49:41,710 - ERROR - Failed to fetch page 6: Invalid URL '/page/6/?sortby=post_date%3ADesc&pagesize=100': No scheme supplied. Perhaps you meant https:///page/6/?sortby=post_date%3ADesc&pagesize=100?
[2025-03-27T06:49:41.712+0000] {subprocess.py:93} INFO - 2025-03-27 06:49:41,711 - INFO - Scraping page 7...
[2025-03-27T06:49:41.712+0000] {subprocess.py:93} INFO - 2025-03-27 06:49:41,711 - ERROR - Failed to fetch page 7: Invalid URL '/page/7/?sortby=post_date%3ADesc&pagesize=100': No scheme supplied. Perhaps you meant https:///page/7/?sortby=post_date%3ADesc&pagesize=100?
[2025-03-27T06:49:41.712+0000] {subprocess.py:93} INFO - 2025-03-27 06:49:41,711 - INFO - Scraping page 8...
[2025-03-27T06:49:41.712+0000] {subprocess.py:93} INFO - 2025-03-27 06:49:41,711 - ERROR - Failed to fetch page 8: Invalid URL '/page/8/?sortby=post_date%3ADesc&pagesize=100': No scheme supplied. Perhaps you meant https:///page/8/?sortby=post_date%3ADesc&pagesize=100?
[2025-03-27T06:49:41.713+0000] {subprocess.py:93} INFO - 2025-03-27 06:49:41,711 - INFO - Scraping page 9...
[2025-03-27T06:49:41.713+0000] {subprocess.py:93} INFO - 2025-03-27 06:49:41,711 - ERROR - Failed to fetch page 9: Invalid URL '/page/9/?sortby=post_date%3ADesc&pagesize=100': No scheme supplied. Perhaps you meant https:///page/9/?sortby=post_date%3ADesc&pagesize=100?
[2025-03-27T06:49:41.713+0000] {subprocess.py:93} INFO - 2025-03-27 06:49:41,711 - INFO - Scraping page 10...
[2025-03-27T06:49:41.713+0000] {subprocess.py:93} INFO - 2025-03-27 06:49:41,712 - ERROR - Failed to fetch page 10: Invalid URL '/page/10/?sortby=post_date%3ADesc&pagesize=100': No scheme supplied. Perhaps you meant https:///page/10/?sortby=post_date%3ADesc&pagesize=100?
[2025-03-27T06:49:41.713+0000] {subprocess.py:93} INFO - 2025-03-27 06:49:41,712 - INFO - Scraping page 11...
[2025-03-27T06:49:41.713+0000] {subprocess.py:93} INFO - 2025-03-27 06:49:41,712 - ERROR - Failed to fetch page 11: Invalid URL '/page/11/?sortby=post_date%3ADesc&pagesize=100': No scheme supplied. Perhaps you meant https:///page/11/?sortby=post_date%3ADesc&pagesize=100?
[2025-03-27T06:49:41.713+0000] {subprocess.py:93} INFO - 2025-03-27 06:49:41,712 - INFO - Scraping page 12...
[2025-03-27T06:49:41.713+0000] {subprocess.py:93} INFO - 2025-03-27 06:49:41,712 - ERROR - Failed to fetch page 12: Invalid URL '/page/12/?sortby=post_date%3ADesc&pagesize=100': No scheme supplied. Perhaps you meant https:///page/12/?sortby=post_date%3ADesc&pagesize=100?
[2025-03-27T06:49:41.713+0000] {subprocess.py:93} INFO - 2025-03-27 06:49:41,712 - INFO - Scraping page 13...
[2025-03-27T06:49:41.714+0000] {subprocess.py:93} INFO - 2025-03-27 06:49:41,713 - ERROR - Failed to fetch page 13: Invalid URL '/page/13/?sortby=post_date%3ADesc&pagesize=100': No scheme supplied. Perhaps you meant https:///page/13/?sortby=post_date%3ADesc&pagesize=100?
[2025-03-27T06:49:41.714+0000] {subprocess.py:93} INFO - 2025-03-27 06:49:41,713 - INFO - Scraping page 14...
[2025-03-27T06:49:41.714+0000] {subprocess.py:93} INFO - 2025-03-27 06:49:41,713 - ERROR - Failed to fetch page 14: Invalid URL '/page/14/?sortby=post_date%3ADesc&pagesize=100': No scheme supplied. Perhaps you meant https:///page/14/?sortby=post_date%3ADesc&pagesize=100?
[2025-03-27T06:49:41.714+0000] {subprocess.py:93} INFO - 2025-03-27 06:49:41,713 - INFO - Scraping page 15...
[2025-03-27T06:49:41.715+0000] {subprocess.py:93} INFO - 2025-03-27 06:49:41,713 - ERROR - Failed to fetch page 15: Invalid URL '/page/15/?sortby=post_date%3ADesc&pagesize=100': No scheme supplied. Perhaps you meant https:///page/15/?sortby=post_date%3ADesc&pagesize=100?
[2025-03-27T06:49:41.715+0000] {subprocess.py:93} INFO - 2025-03-27 06:49:41,713 - INFO - Scraping page 16...
[2025-03-27T06:49:41.715+0000] {subprocess.py:93} INFO - 2025-03-27 06:49:41,713 - ERROR - Failed to fetch page 16: Invalid URL '/page/16/?sortby=post_date%3ADesc&pagesize=100': No scheme supplied. Perhaps you meant https:///page/16/?sortby=post_date%3ADesc&pagesize=100?
[2025-03-27T06:49:41.716+0000] {subprocess.py:93} INFO - 2025-03-27 06:49:41,713 - INFO - Scraping page 17...
[2025-03-27T06:49:41.716+0000] {subprocess.py:93} INFO - 2025-03-27 06:49:41,713 - ERROR - Failed to fetch page 17: Invalid URL '/page/17/?sortby=post_date%3ADesc&pagesize=100': No scheme supplied. Perhaps you meant https:///page/17/?sortby=post_date%3ADesc&pagesize=100?
[2025-03-27T06:49:41.716+0000] {subprocess.py:93} INFO - 2025-03-27 06:49:41,714 - INFO - Scraping page 18...
[2025-03-27T06:49:41.717+0000] {subprocess.py:93} INFO - 2025-03-27 06:49:41,714 - ERROR - Failed to fetch page 18: Invalid URL '/page/18/?sortby=post_date%3ADesc&pagesize=100': No scheme supplied. Perhaps you meant https:///page/18/?sortby=post_date%3ADesc&pagesize=100?
[2025-03-27T06:49:41.717+0000] {subprocess.py:93} INFO - 2025-03-27 06:49:41,714 - INFO - Scraping page 19...
[2025-03-27T06:49:41.717+0000] {subprocess.py:93} INFO - 2025-03-27 06:49:41,714 - ERROR - Failed to fetch page 19: Invalid URL '/page/19/?sortby=post_date%3ADesc&pagesize=100': No scheme supplied. Perhaps you meant https:///page/19/?sortby=post_date%3ADesc&pagesize=100?
[2025-03-27T06:49:41.718+0000] {subprocess.py:93} INFO - 2025-03-27 06:49:41,714 - INFO - Scraping page 20...
[2025-03-27T06:49:41.718+0000] {subprocess.py:93} INFO - 2025-03-27 06:49:41,715 - ERROR - Failed to fetch page 20: Invalid URL '/page/20/?sortby=post_date%3ADesc&pagesize=100': No scheme supplied. Perhaps you meant https:///page/20/?sortby=post_date%3ADesc&pagesize=100?
[2025-03-27T06:49:41.719+0000] {subprocess.py:93} INFO - 2025-03-27 06:49:41,715 - INFO - Scraping page 21...
[2025-03-27T06:49:41.719+0000] {subprocess.py:93} INFO - 2025-03-27 06:49:41,715 - ERROR - Failed to fetch page 21: Invalid URL '/page/21/?sortby=post_date%3ADesc&pagesize=100': No scheme supplied. Perhaps you meant https:///page/21/?sortby=post_date%3ADesc&pagesize=100?
[2025-03-27T06:49:41.719+0000] {subprocess.py:93} INFO - 2025-03-27 06:49:41,715 - INFO - Scraping page 22...
[2025-03-27T06:49:41.719+0000] {subprocess.py:93} INFO - 2025-03-27 06:49:41,715 - ERROR - Failed to fetch page 22: Invalid URL '/page/22/?sortby=post_date%3ADesc&pagesize=100': No scheme supplied. Perhaps you meant https:///page/22/?sortby=post_date%3ADesc&pagesize=100?
[2025-03-27T06:49:41.720+0000] {subprocess.py:93} INFO - 2025-03-27 06:49:41,715 - INFO - Scraping page 23...
[2025-03-27T06:49:41.720+0000] {subprocess.py:93} INFO - 2025-03-27 06:49:41,716 - ERROR - Failed to fetch page 23: Invalid URL '/page/23/?sortby=post_date%3ADesc&pagesize=100': No scheme supplied. Perhaps you meant https:///page/23/?sortby=post_date%3ADesc&pagesize=100?
[2025-03-27T06:49:41.720+0000] {subprocess.py:93} INFO - 2025-03-27 06:49:41,716 - INFO - Scraping page 24...
[2025-03-27T06:49:41.720+0000] {subprocess.py:93} INFO - 2025-03-27 06:49:41,716 - ERROR - Failed to fetch page 24: Invalid URL '/page/24/?sortby=post_date%3ADesc&pagesize=100': No scheme supplied. Perhaps you meant https:///page/24/?sortby=post_date%3ADesc&pagesize=100?
[2025-03-27T06:49:41.721+0000] {subprocess.py:93} INFO - 2025-03-27 06:49:41,716 - INFO - Scraping page 25...
[2025-03-27T06:49:41.721+0000] {subprocess.py:93} INFO - 2025-03-27 06:49:41,717 - ERROR - Failed to fetch page 25: Invalid URL '/page/25/?sortby=post_date%3ADesc&pagesize=100': No scheme supplied. Perhaps you meant https:///page/25/?sortby=post_date%3ADesc&pagesize=100?
[2025-03-27T06:49:41.721+0000] {subprocess.py:93} INFO - 2025-03-27 06:49:41,717 - INFO - Scraping page 26...
[2025-03-27T06:49:41.721+0000] {subprocess.py:93} INFO - 2025-03-27 06:49:41,717 - ERROR - Failed to fetch page 26: Invalid URL '/page/26/?sortby=post_date%3ADesc&pagesize=100': No scheme supplied. Perhaps you meant https:///page/26/?sortby=post_date%3ADesc&pagesize=100?
[2025-03-27T06:49:41.721+0000] {subprocess.py:93} INFO - 2025-03-27 06:49:41,717 - INFO - Scraping page 27...
[2025-03-27T06:49:41.721+0000] {subprocess.py:93} INFO - 2025-03-27 06:49:41,718 - ERROR - Failed to fetch page 27: Invalid URL '/page/27/?sortby=post_date%3ADesc&pagesize=100': No scheme supplied. Perhaps you meant https:///page/27/?sortby=post_date%3ADesc&pagesize=100?
[2025-03-27T06:49:41.722+0000] {subprocess.py:93} INFO - 2025-03-27 06:49:41,718 - INFO - Scraping page 28...
[2025-03-27T06:49:41.722+0000] {subprocess.py:93} INFO - 2025-03-27 06:49:41,718 - ERROR - Failed to fetch page 28: Invalid URL '/page/28/?sortby=post_date%3ADesc&pagesize=100': No scheme supplied. Perhaps you meant https:///page/28/?sortby=post_date%3ADesc&pagesize=100?
[2025-03-27T06:49:41.722+0000] {subprocess.py:93} INFO - 2025-03-27 06:49:41,718 - INFO - Scraping page 29...
[2025-03-27T06:49:41.722+0000] {subprocess.py:93} INFO - 2025-03-27 06:49:41,719 - ERROR - Failed to fetch page 29: Invalid URL '/page/29/?sortby=post_date%3ADesc&pagesize=100': No scheme supplied. Perhaps you meant https:///page/29/?sortby=post_date%3ADesc&pagesize=100?
[2025-03-27T06:49:41.722+0000] {subprocess.py:93} INFO - 2025-03-27 06:49:41,719 - INFO - Scraping page 30...
[2025-03-27T06:49:41.723+0000] {subprocess.py:93} INFO - 2025-03-27 06:49:41,719 - ERROR - Failed to fetch page 30: Invalid URL '/page/30/?sortby=post_date%3ADesc&pagesize=100': No scheme supplied. Perhaps you meant https:///page/30/?sortby=post_date%3ADesc&pagesize=100?
[2025-03-27T06:49:41.723+0000] {subprocess.py:93} INFO - 2025-03-27 06:49:41,719 - INFO - Scraping page 31...
[2025-03-27T06:49:41.723+0000] {subprocess.py:93} INFO - 2025-03-27 06:49:41,720 - ERROR - Failed to fetch page 31: Invalid URL '/page/31/?sortby=post_date%3ADesc&pagesize=100': No scheme supplied. Perhaps you meant https:///page/31/?sortby=post_date%3ADesc&pagesize=100?
[2025-03-27T06:49:41.723+0000] {subprocess.py:93} INFO - 2025-03-27 06:49:41,720 - INFO - Scraping page 32...
[2025-03-27T06:49:41.723+0000] {subprocess.py:93} INFO - 2025-03-27 06:49:41,720 - ERROR - Failed to fetch page 32: Invalid URL '/page/32/?sortby=post_date%3ADesc&pagesize=100': No scheme supplied. Perhaps you meant https:///page/32/?sortby=post_date%3ADesc&pagesize=100?
[2025-03-27T06:49:41.723+0000] {subprocess.py:93} INFO - 2025-03-27 06:49:41,720 - INFO - Scraping page 33...
[2025-03-27T06:49:41.724+0000] {subprocess.py:93} INFO - 2025-03-27 06:49:41,720 - ERROR - Failed to fetch page 33: Invalid URL '/page/33/?sortby=post_date%3ADesc&pagesize=100': No scheme supplied. Perhaps you meant https:///page/33/?sortby=post_date%3ADesc&pagesize=100?
[2025-03-27T06:49:41.724+0000] {subprocess.py:93} INFO - 2025-03-27 06:49:41,720 - INFO - Scraping page 34...
[2025-03-27T06:49:41.724+0000] {subprocess.py:93} INFO - 2025-03-27 06:49:41,721 - ERROR - Failed to fetch page 34: Invalid URL '/page/34/?sortby=post_date%3ADesc&pagesize=100': No scheme supplied. Perhaps you meant https:///page/34/?sortby=post_date%3ADesc&pagesize=100?
[2025-03-27T06:49:41.724+0000] {subprocess.py:93} INFO - 2025-03-27 06:49:41,721 - INFO - Scraping page 35...
[2025-03-27T06:49:41.724+0000] {subprocess.py:93} INFO - 2025-03-27 06:49:41,721 - ERROR - Failed to fetch page 35: Invalid URL '/page/35/?sortby=post_date%3ADesc&pagesize=100': No scheme supplied. Perhaps you meant https:///page/35/?sortby=post_date%3ADesc&pagesize=100?
[2025-03-27T06:49:41.724+0000] {subprocess.py:93} INFO - 2025-03-27 06:49:41,721 - INFO - Scraping page 36...
[2025-03-27T06:49:41.725+0000] {subprocess.py:93} INFO - 2025-03-27 06:49:41,721 - ERROR - Failed to fetch page 36: Invalid URL '/page/36/?sortby=post_date%3ADesc&pagesize=100': No scheme supplied. Perhaps you meant https:///page/36/?sortby=post_date%3ADesc&pagesize=100?
[2025-03-27T06:49:41.725+0000] {subprocess.py:93} INFO - 2025-03-27 06:49:41,721 - INFO - Scraping page 37...
[2025-03-27T06:49:41.725+0000] {subprocess.py:93} INFO - 2025-03-27 06:49:41,722 - ERROR - Failed to fetch page 37: Invalid URL '/page/37/?sortby=post_date%3ADesc&pagesize=100': No scheme supplied. Perhaps you meant https:///page/37/?sortby=post_date%3ADesc&pagesize=100?
[2025-03-27T06:49:41.725+0000] {subprocess.py:93} INFO - 2025-03-27 06:49:41,722 - INFO - Scraping page 38...
[2025-03-27T06:49:41.725+0000] {subprocess.py:93} INFO - 2025-03-27 06:49:41,722 - ERROR - Failed to fetch page 38: Invalid URL '/page/38/?sortby=post_date%3ADesc&pagesize=100': No scheme supplied. Perhaps you meant https:///page/38/?sortby=post_date%3ADesc&pagesize=100?
[2025-03-27T06:49:41.726+0000] {subprocess.py:93} INFO - 2025-03-27 06:49:41,722 - INFO - Scraping page 39...
[2025-03-27T06:49:41.726+0000] {subprocess.py:93} INFO - 2025-03-27 06:49:41,722 - ERROR - Failed to fetch page 39: Invalid URL '/page/39/?sortby=post_date%3ADesc&pagesize=100': No scheme supplied. Perhaps you meant https:///page/39/?sortby=post_date%3ADesc&pagesize=100?
[2025-03-27T06:49:41.726+0000] {subprocess.py:93} INFO - 2025-03-27 06:49:41,722 - INFO - Scraping page 40...
[2025-03-27T06:49:41.726+0000] {subprocess.py:93} INFO - 2025-03-27 06:49:41,723 - ERROR - Failed to fetch page 40: Invalid URL '/page/40/?sortby=post_date%3ADesc&pagesize=100': No scheme supplied. Perhaps you meant https:///page/40/?sortby=post_date%3ADesc&pagesize=100?
[2025-03-27T06:49:41.726+0000] {subprocess.py:93} INFO - Traceback (most recent call last):
[2025-03-27T06:49:41.726+0000] {subprocess.py:93} INFO -   File "/opt/***/tasks/scraper_extract/scraper.py", line 145, in <module>
[2025-03-27T06:49:41.726+0000] {subprocess.py:93} INFO -     scraper.scrape()
[2025-03-27T06:49:41.726+0000] {subprocess.py:93} INFO -   File "/opt/***/tasks/scraper_extract/scraper.py", line 52, in scrape
[2025-03-27T06:49:41.726+0000] {subprocess.py:93} INFO -     self.save_to_csv(df)
[2025-03-27T06:49:41.726+0000] {subprocess.py:93} INFO - TypeError: AirlineReviewScraper.save_to_csv() missing 1 required positional argument: 'file_path'
[2025-03-27T06:49:41.776+0000] {subprocess.py:97} INFO - Command exited with return code 1
[2025-03-27T06:49:41.784+0000] {taskinstance.py:1935} ERROR - Task failed with exception
Traceback (most recent call last):
  File "/home/airflow/.local/lib/python3.10/site-packages/airflow/operators/bash.py", line 210, in execute
    raise AirflowException(
airflow.exceptions.AirflowException: Bash command failed. The command returned a non-zero exit code 1.
[2025-03-27T06:49:41.787+0000] {taskinstance.py:1398} INFO - Marking task as UP_FOR_RETRY. dag_id=british_pipeline, task_id=scrape_british_data, execution_date=20250327T064939, start_date=20250327T064940, end_date=20250327T064941
[2025-03-27T06:49:41.797+0000] {standard_task_runner.py:104} ERROR - Failed to execute job 38 for task scrape_british_data (Bash command failed. The command returned a non-zero exit code 1.; 389)
[2025-03-27T06:49:41.809+0000] {local_task_job_runner.py:228} INFO - Task exited with return code 1
[2025-03-27T06:49:41.831+0000] {taskinstance.py:2776} INFO - 0 downstream tasks scheduled from follow-on schedule check
