[2025-03-27T07:05:42.546+0000] {taskinstance.py:1157} INFO - Dependencies all met for dep_context=non-requeueable deps ti=<TaskInstance: british_pipeline.scrape_british_data manual__2025-03-27T06:49:39.324966+00:00 [queued]>
[2025-03-27T07:05:42.551+0000] {taskinstance.py:1157} INFO - Dependencies all met for dep_context=requeueable deps ti=<TaskInstance: british_pipeline.scrape_british_data manual__2025-03-27T06:49:39.324966+00:00 [queued]>
[2025-03-27T07:05:42.551+0000] {taskinstance.py:1359} INFO - Starting attempt 4 of 5
[2025-03-27T07:05:42.559+0000] {taskinstance.py:1380} INFO - Executing <Task(BashOperator): scrape_british_data> on 2025-03-27 06:49:39.324966+00:00
[2025-03-27T07:05:42.562+0000] {standard_task_runner.py:57} INFO - Started process 295 to run task
[2025-03-27T07:05:42.564+0000] {standard_task_runner.py:84} INFO - Running: ['***', 'tasks', 'run', 'british_pipeline', 'scrape_british_data', 'manual__2025-03-27T06:49:39.324966+00:00', '--job-id', '43', '--raw', '--subdir', 'DAGS_FOLDER/main_dag.py', '--cfg-path', '/tmp/tmpuamq_bwr']
[2025-03-27T07:05:42.567+0000] {standard_task_runner.py:85} INFO - Job 43: Subtask scrape_british_data
[2025-03-27T07:05:42.596+0000] {task_command.py:415} INFO - Running <TaskInstance: british_pipeline.scrape_british_data manual__2025-03-27T06:49:39.324966+00:00 [running]> on host fec71cbbe55f
[2025-03-27T07:05:42.642+0000] {taskinstance.py:1660} INFO - Exporting env vars: AIRFLOW_CTX_DAG_OWNER='***' AIRFLOW_CTX_DAG_ID='british_pipeline' AIRFLOW_CTX_TASK_ID='scrape_british_data' AIRFLOW_CTX_EXECUTION_DATE='2025-03-27T06:49:39.324966+00:00' AIRFLOW_CTX_TRY_NUMBER='4' AIRFLOW_CTX_DAG_RUN_ID='manual__2025-03-27T06:49:39.324966+00:00'
[2025-03-27T07:05:42.643+0000] {subprocess.py:63} INFO - Tmp dir root location: /tmp
[2025-03-27T07:05:42.643+0000] {subprocess.py:75} INFO - Running command: ['/bin/bash', '-c', 'chmod -R 777 /opt/***/data && python /opt/***/tasks/scraper_extract/scraper.py']
[2025-03-27T07:05:42.648+0000] {subprocess.py:86} INFO - Output:
[2025-03-27T07:05:43.543+0000] {subprocess.py:93} INFO - 2025-03-27 07:05:43,543 - INFO - Scraping page 1...
[2025-03-27T07:05:45.493+0000] {subprocess.py:93} INFO - 2025-03-27 07:05:45,493 - INFO - Scraping page 2...
[2025-03-27T07:05:48.353+0000] {subprocess.py:93} INFO - 2025-03-27 07:05:48,353 - INFO - Scraping page 3...
[2025-03-27T07:05:50.804+0000] {subprocess.py:93} INFO - 2025-03-27 07:05:50,804 - INFO - Scraping page 4...
[2025-03-27T07:05:53.182+0000] {subprocess.py:93} INFO - 2025-03-27 07:05:53,182 - INFO - Scraping page 5...
[2025-03-27T07:05:55.069+0000] {subprocess.py:93} INFO - 2025-03-27 07:05:55,069 - INFO - Scraping page 6...
[2025-03-27T07:05:57.537+0000] {subprocess.py:93} INFO - 2025-03-27 07:05:57,537 - INFO - Scraping page 7...
[2025-03-27T07:05:59.979+0000] {subprocess.py:93} INFO - 2025-03-27 07:05:59,979 - INFO - Scraping page 8...
[2025-03-27T07:06:02.658+0000] {subprocess.py:93} INFO - 2025-03-27 07:06:02,658 - INFO - Scraping page 9...
[2025-03-27T07:06:04.829+0000] {subprocess.py:93} INFO - 2025-03-27 07:06:04,829 - INFO - Scraping page 10...
[2025-03-27T07:06:06.882+0000] {subprocess.py:93} INFO - 2025-03-27 07:06:06,882 - INFO - Scraping page 11...
[2025-03-27T07:06:09.624+0000] {subprocess.py:93} INFO - 2025-03-27 07:06:09,623 - INFO - Scraping page 12...
[2025-03-27T07:06:11.661+0000] {subprocess.py:93} INFO - 2025-03-27 07:06:11,660 - INFO - Scraping page 13...
[2025-03-27T07:06:14.036+0000] {subprocess.py:93} INFO - 2025-03-27 07:06:14,036 - INFO - Scraping page 14...
[2025-03-27T07:06:16.477+0000] {subprocess.py:93} INFO - 2025-03-27 07:06:16,476 - INFO - Scraping page 15...
[2025-03-27T07:06:18.983+0000] {subprocess.py:93} INFO - 2025-03-27 07:06:18,983 - INFO - Scraping page 16...
[2025-03-27T07:06:20.969+0000] {subprocess.py:93} INFO - 2025-03-27 07:06:20,969 - INFO - Scraping page 17...
[2025-03-27T07:06:23.378+0000] {subprocess.py:93} INFO - 2025-03-27 07:06:23,378 - INFO - Scraping page 18...
[2025-03-27T07:06:25.906+0000] {subprocess.py:93} INFO - 2025-03-27 07:06:25,906 - INFO - Scraping page 19...
[2025-03-27T07:06:27.633+0000] {subprocess.py:93} INFO - 2025-03-27 07:06:27,633 - INFO - Scraping page 20...
[2025-03-27T07:06:29.977+0000] {subprocess.py:93} INFO - 2025-03-27 07:06:29,977 - INFO - Scraping page 21...
[2025-03-27T07:06:32.278+0000] {subprocess.py:93} INFO - 2025-03-27 07:06:32,278 - INFO - Scraping page 22...
[2025-03-27T07:06:34.434+0000] {subprocess.py:93} INFO - 2025-03-27 07:06:34,434 - INFO - Scraping page 23...
[2025-03-27T07:06:36.794+0000] {subprocess.py:93} INFO - 2025-03-27 07:06:36,793 - INFO - Scraping page 24...
[2025-03-27T07:06:39.182+0000] {subprocess.py:93} INFO - 2025-03-27 07:06:39,182 - INFO - Scraping page 25...
[2025-03-27T07:06:41.568+0000] {subprocess.py:93} INFO - 2025-03-27 07:06:41,568 - INFO - Scraping page 26...
[2025-03-27T07:06:43.608+0000] {subprocess.py:93} INFO - 2025-03-27 07:06:43,608 - INFO - Scraping page 27...
[2025-03-27T07:06:45.599+0000] {subprocess.py:93} INFO - 2025-03-27 07:06:45,598 - INFO - Scraping page 28...
[2025-03-27T07:06:47.510+0000] {subprocess.py:93} INFO - 2025-03-27 07:06:47,509 - INFO - Scraping page 29...
[2025-03-27T07:06:49.806+0000] {subprocess.py:93} INFO - 2025-03-27 07:06:49,806 - INFO - Scraping page 30...
[2025-03-27T07:06:52.163+0000] {subprocess.py:93} INFO - 2025-03-27 07:06:52,163 - INFO - Data saved to /opt/***/data/raw_data.csv
[2025-03-27T07:06:52.236+0000] {subprocess.py:97} INFO - Command exited with return code 0
[2025-03-27T07:06:52.266+0000] {taskinstance.py:1398} INFO - Marking task as SUCCESS. dag_id=british_pipeline, task_id=scrape_british_data, execution_date=20250327T064939, start_date=20250327T070542, end_date=20250327T070652
[2025-03-27T07:06:52.318+0000] {local_task_job_runner.py:228} INFO - Task exited with return code 0
[2025-03-27T07:06:52.346+0000] {taskinstance.py:2776} INFO - 1 downstream tasks scheduled from follow-on schedule check
