[2025-03-27T06:53:08.792+0000] {taskinstance.py:1157} INFO - Dependencies all met for dep_context=non-requeueable deps ti=<TaskInstance: british_pipeline.scrape_british_data manual__2025-03-27T06:49:39.324966+00:00 [queued]>
[2025-03-27T06:53:08.796+0000] {taskinstance.py:1157} INFO - Dependencies all met for dep_context=requeueable deps ti=<TaskInstance: british_pipeline.scrape_british_data manual__2025-03-27T06:49:39.324966+00:00 [queued]>
[2025-03-27T06:53:08.796+0000] {taskinstance.py:1359} INFO - Starting attempt 2 of 3
[2025-03-27T06:53:08.804+0000] {taskinstance.py:1380} INFO - Executing <Task(BashOperator): scrape_british_data> on 2025-03-27 06:49:39.324966+00:00
[2025-03-27T06:53:08.807+0000] {standard_task_runner.py:57} INFO - Started process 477 to run task
[2025-03-27T06:53:08.809+0000] {standard_task_runner.py:84} INFO - Running: ['***', 'tasks', 'run', 'british_pipeline', 'scrape_british_data', 'manual__2025-03-27T06:49:39.324966+00:00', '--job-id', '39', '--raw', '--subdir', 'DAGS_FOLDER/main_dag.py', '--cfg-path', '/tmp/tmpoi6esdbh']
[2025-03-27T06:53:08.811+0000] {standard_task_runner.py:85} INFO - Job 39: Subtask scrape_british_data
[2025-03-27T06:53:08.841+0000] {task_command.py:415} INFO - Running <TaskInstance: british_pipeline.scrape_british_data manual__2025-03-27T06:49:39.324966+00:00 [running]> on host 1e6a5d18e2dc
[2025-03-27T06:53:08.894+0000] {taskinstance.py:1660} INFO - Exporting env vars: AIRFLOW_CTX_DAG_OWNER='***' AIRFLOW_CTX_DAG_ID='british_pipeline' AIRFLOW_CTX_TASK_ID='scrape_british_data' AIRFLOW_CTX_EXECUTION_DATE='2025-03-27T06:49:39.324966+00:00' AIRFLOW_CTX_TRY_NUMBER='2' AIRFLOW_CTX_DAG_RUN_ID='manual__2025-03-27T06:49:39.324966+00:00'
[2025-03-27T06:53:08.897+0000] {subprocess.py:63} INFO - Tmp dir root location: /tmp
[2025-03-27T06:53:08.898+0000] {subprocess.py:75} INFO - Running command: ['/bin/bash', '-c', 'python /opt/***/tasks/scraper_extract/scraper.py']
[2025-03-27T06:53:08.908+0000] {subprocess.py:86} INFO - Output:
[2025-03-27T06:53:09.606+0000] {subprocess.py:93} INFO - 2025-03-27 06:53:09,606 - INFO - Scraping page 1...
[2025-03-27T06:53:12.238+0000] {subprocess.py:93} INFO - 2025-03-27 06:53:12,238 - INFO - Scraping page 2...
[2025-03-27T06:53:14.450+0000] {subprocess.py:93} INFO - 2025-03-27 06:53:14,450 - INFO - Scraping page 3...
[2025-03-27T06:53:16.379+0000] {subprocess.py:93} INFO - 2025-03-27 06:53:16,379 - INFO - Scraping page 4...
[2025-03-27T06:53:18.810+0000] {subprocess.py:93} INFO - 2025-03-27 06:53:18,810 - INFO - Scraping page 5...
[2025-03-27T06:53:21.170+0000] {subprocess.py:93} INFO - 2025-03-27 06:53:21,170 - INFO - Scraping page 6...
[2025-03-27T06:53:23.408+0000] {subprocess.py:93} INFO - 2025-03-27 06:53:23,408 - INFO - Scraping page 7...
[2025-03-27T06:53:25.414+0000] {subprocess.py:93} INFO - 2025-03-27 06:53:25,413 - INFO - Scraping page 8...
[2025-03-27T06:53:27.827+0000] {subprocess.py:93} INFO - 2025-03-27 06:53:27,827 - INFO - Scraping page 9...
[2025-03-27T06:53:30.183+0000] {subprocess.py:93} INFO - 2025-03-27 06:53:30,183 - INFO - Scraping page 10...
[2025-03-27T06:53:32.522+0000] {subprocess.py:93} INFO - 2025-03-27 06:53:32,522 - INFO - Scraping page 11...
[2025-03-27T06:53:34.391+0000] {subprocess.py:93} INFO - 2025-03-27 06:53:34,391 - INFO - Scraping page 12...
[2025-03-27T06:53:36.678+0000] {subprocess.py:93} INFO - 2025-03-27 06:53:36,678 - INFO - Scraping page 13...
[2025-03-27T06:53:38.601+0000] {subprocess.py:93} INFO - 2025-03-27 06:53:38,601 - INFO - Scraping page 14...
[2025-03-27T06:53:40.887+0000] {subprocess.py:93} INFO - 2025-03-27 06:53:40,887 - INFO - Scraping page 15...
[2025-03-27T06:53:42.717+0000] {subprocess.py:93} INFO - 2025-03-27 06:53:42,717 - INFO - Scraping page 16...
[2025-03-27T06:53:44.358+0000] {subprocess.py:93} INFO - 2025-03-27 06:53:44,357 - INFO - Scraping page 17...
[2025-03-27T06:53:46.542+0000] {subprocess.py:93} INFO - 2025-03-27 06:53:46,542 - INFO - Scraping page 18...
[2025-03-27T06:53:48.780+0000] {subprocess.py:93} INFO - 2025-03-27 06:53:48,779 - INFO - Scraping page 19...
[2025-03-27T06:53:50.572+0000] {subprocess.py:93} INFO - 2025-03-27 06:53:50,572 - INFO - Scraping page 20...
[2025-03-27T06:53:52.216+0000] {subprocess.py:93} INFO - 2025-03-27 06:53:52,216 - INFO - Scraping page 21...
[2025-03-27T06:53:54.370+0000] {subprocess.py:93} INFO - 2025-03-27 06:53:54,370 - INFO - Scraping page 22...
[2025-03-27T06:53:56.237+0000] {subprocess.py:93} INFO - 2025-03-27 06:53:56,237 - INFO - Scraping page 23...
[2025-03-27T06:53:57.998+0000] {subprocess.py:93} INFO - 2025-03-27 06:53:57,997 - INFO - Scraping page 24...
[2025-03-27T06:54:00.300+0000] {subprocess.py:93} INFO - 2025-03-27 06:54:00,300 - INFO - Scraping page 25...
[2025-03-27T06:54:02.162+0000] {subprocess.py:93} INFO - 2025-03-27 06:54:02,161 - INFO - Scraping page 26...
[2025-03-27T06:54:04.298+0000] {subprocess.py:93} INFO - 2025-03-27 06:54:04,298 - INFO - Scraping page 27...
[2025-03-27T06:54:06.808+0000] {subprocess.py:93} INFO - 2025-03-27 06:54:06,808 - INFO - Scraping page 28...
[2025-03-27T06:54:08.763+0000] {subprocess.py:93} INFO - 2025-03-27 06:54:08,763 - INFO - Scraping page 29...
[2025-03-27T06:54:10.760+0000] {subprocess.py:93} INFO - 2025-03-27 06:54:10,760 - INFO - Scraping page 30...
[2025-03-27T06:54:12.814+0000] {subprocess.py:93} INFO - 2025-03-27 06:54:12,814 - INFO - Scraping page 31...
[2025-03-27T06:54:15.010+0000] {subprocess.py:93} INFO - 2025-03-27 06:54:15,010 - INFO - Scraping page 32...
[2025-03-27T06:54:16.882+0000] {subprocess.py:93} INFO - 2025-03-27 06:54:16,882 - INFO - Scraping page 33...
[2025-03-27T06:54:19.122+0000] {subprocess.py:93} INFO - 2025-03-27 06:54:19,122 - INFO - Scraping page 34...
[2025-03-27T06:54:21.455+0000] {subprocess.py:93} INFO - 2025-03-27 06:54:21,455 - INFO - Scraping page 35...
[2025-03-27T06:54:23.370+0000] {subprocess.py:93} INFO - 2025-03-27 06:54:23,370 - INFO - Scraping page 36...
[2025-03-27T06:54:24.980+0000] {subprocess.py:93} INFO - 2025-03-27 06:54:24,980 - INFO - Scraping page 37...
[2025-03-27T06:54:27.296+0000] {subprocess.py:93} INFO - 2025-03-27 06:54:27,296 - INFO - Scraping page 38...
[2025-03-27T06:54:29.126+0000] {subprocess.py:93} INFO - 2025-03-27 06:54:29,126 - INFO - Scraping page 39...
[2025-03-27T06:54:31.228+0000] {subprocess.py:93} INFO - 2025-03-27 06:54:31,228 - INFO - Scraping page 40...
[2025-03-27T06:54:32.520+0000] {subprocess.py:93} INFO - 2025-03-27 06:54:32,520 - INFO - Data saved to /tmp/data/raw_data.csv
[2025-03-27T06:54:32.581+0000] {subprocess.py:97} INFO - Command exited with return code 0
[2025-03-27T06:54:32.600+0000] {taskinstance.py:1398} INFO - Marking task as SUCCESS. dag_id=british_pipeline, task_id=scrape_british_data, execution_date=20250327T064939, start_date=20250327T065308, end_date=20250327T065432
[2025-03-27T06:54:32.620+0000] {local_task_job_runner.py:228} INFO - Task exited with return code 0
[2025-03-27T06:54:32.638+0000] {taskinstance.py:2776} INFO - 1 downstream tasks scheduled from follow-on schedule check
