[2025-03-28T00:00:02.715+0000] {taskinstance.py:1157} INFO - Dependencies all met for dep_context=non-requeueable deps ti=<TaskInstance: british_pipeline.scrape_british_data scheduled__2025-03-27T00:00:00+00:00 [queued]>
[2025-03-28T00:00:02.723+0000] {taskinstance.py:1157} INFO - Dependencies all met for dep_context=requeueable deps ti=<TaskInstance: british_pipeline.scrape_british_data scheduled__2025-03-27T00:00:00+00:00 [queued]>
[2025-03-28T00:00:02.724+0000] {taskinstance.py:1359} INFO - Starting attempt 1 of 2
[2025-03-28T00:00:02.732+0000] {taskinstance.py:1380} INFO - Executing <Task(BashOperator): scrape_british_data> on 2025-03-27 00:00:00+00:00
[2025-03-28T00:00:02.735+0000] {standard_task_runner.py:57} INFO - Started process 24441 to run task
[2025-03-28T00:00:02.737+0000] {standard_task_runner.py:84} INFO - Running: ['***', 'tasks', 'run', 'british_pipeline', 'scrape_british_data', 'scheduled__2025-03-27T00:00:00+00:00', '--job-id', '45', '--raw', '--subdir', 'DAGS_FOLDER/main_dag.py', '--cfg-path', '/tmp/tmp9255c2tx']
[2025-03-28T00:00:02.740+0000] {standard_task_runner.py:85} INFO - Job 45: Subtask scrape_british_data
[2025-03-28T00:00:02.770+0000] {task_command.py:415} INFO - Running <TaskInstance: british_pipeline.scrape_british_data scheduled__2025-03-27T00:00:00+00:00 [running]> on host fec71cbbe55f
[2025-03-28T00:00:02.816+0000] {taskinstance.py:1660} INFO - Exporting env vars: AIRFLOW_CTX_DAG_OWNER='***' AIRFLOW_CTX_DAG_ID='british_pipeline' AIRFLOW_CTX_TASK_ID='scrape_british_data' AIRFLOW_CTX_EXECUTION_DATE='2025-03-27T00:00:00+00:00' AIRFLOW_CTX_TRY_NUMBER='1' AIRFLOW_CTX_DAG_RUN_ID='scheduled__2025-03-27T00:00:00+00:00'
[2025-03-28T00:00:02.817+0000] {subprocess.py:63} INFO - Tmp dir root location: /tmp
[2025-03-28T00:00:02.818+0000] {subprocess.py:75} INFO - Running command: ['/bin/bash', '-c', 'chmod -R 777 /opt/***/data && python /opt/***/tasks/scraper_extract/scraper.py']
[2025-03-28T00:00:02.823+0000] {subprocess.py:86} INFO - Output:
[2025-03-28T00:00:04.093+0000] {subprocess.py:93} INFO - 2025-03-28 00:00:04,093 - INFO - Scraping page 1...
[2025-03-28T00:00:09.956+0000] {subprocess.py:93} INFO - 2025-03-28 00:00:09,956 - INFO - Scraping page 2...
[2025-03-28T00:00:13.913+0000] {subprocess.py:93} INFO - 2025-03-28 00:00:13,913 - INFO - Scraping page 3...
[2025-03-28T00:00:16.636+0000] {subprocess.py:93} INFO - 2025-03-28 00:00:16,636 - INFO - Scraping page 4...
[2025-03-28T00:00:19.449+0000] {subprocess.py:93} INFO - 2025-03-28 00:00:19,448 - INFO - Scraping page 5...
[2025-03-28T00:00:21.965+0000] {subprocess.py:93} INFO - 2025-03-28 00:00:21,965 - INFO - Scraping page 6...
[2025-03-28T00:00:24.431+0000] {subprocess.py:93} INFO - 2025-03-28 00:00:24,431 - INFO - Scraping page 7...
[2025-03-28T00:00:27.214+0000] {subprocess.py:93} INFO - 2025-03-28 00:00:27,214 - INFO - Scraping page 8...
[2025-03-28T00:00:29.435+0000] {subprocess.py:93} INFO - 2025-03-28 00:00:29,435 - INFO - Scraping page 9...
[2025-03-28T00:00:31.594+0000] {subprocess.py:93} INFO - 2025-03-28 00:00:31,594 - INFO - Scraping page 10...
[2025-03-28T00:00:34.318+0000] {subprocess.py:93} INFO - 2025-03-28 00:00:34,318 - INFO - Scraping page 11...
[2025-03-28T00:00:36.625+0000] {subprocess.py:93} INFO - 2025-03-28 00:00:36,624 - INFO - Scraping page 12...
[2025-03-28T00:00:39.283+0000] {subprocess.py:93} INFO - 2025-03-28 00:00:39,283 - INFO - Scraping page 13...
[2025-03-28T00:00:41.909+0000] {subprocess.py:93} INFO - 2025-03-28 00:00:41,908 - INFO - Scraping page 14...
[2025-03-28T00:00:43.942+0000] {subprocess.py:93} INFO - 2025-03-28 00:00:43,942 - INFO - Scraping page 15...
[2025-03-28T00:00:46.342+0000] {subprocess.py:93} INFO - 2025-03-28 00:00:46,342 - INFO - Scraping page 16...
[2025-03-28T00:00:49.018+0000] {subprocess.py:93} INFO - 2025-03-28 00:00:49,018 - INFO - Scraping page 17...
[2025-03-28T00:00:51.655+0000] {subprocess.py:93} INFO - 2025-03-28 00:00:51,655 - INFO - Scraping page 18...
[2025-03-28T00:00:54.439+0000] {subprocess.py:93} INFO - 2025-03-28 00:00:54,438 - INFO - Scraping page 19...
[2025-03-28T00:00:57.346+0000] {subprocess.py:93} INFO - 2025-03-28 00:00:57,346 - INFO - Scraping page 20...
[2025-03-28T00:00:59.933+0000] {subprocess.py:93} INFO - 2025-03-28 00:00:59,932 - INFO - Scraping page 21...
[2025-03-28T00:01:02.172+0000] {subprocess.py:93} INFO - 2025-03-28 00:01:02,171 - INFO - Scraping page 22...
[2025-03-28T00:01:05.742+0000] {subprocess.py:93} INFO - 2025-03-28 00:01:05,742 - INFO - Scraping page 23...
[2025-03-28T00:01:08.101+0000] {subprocess.py:93} INFO - 2025-03-28 00:01:08,101 - INFO - Scraping page 24...
[2025-03-28T00:01:10.241+0000] {subprocess.py:93} INFO - 2025-03-28 00:01:10,241 - INFO - Scraping page 25...
[2025-03-28T00:01:12.245+0000] {subprocess.py:93} INFO - 2025-03-28 00:01:12,245 - INFO - Scraping page 26...
[2025-03-28T00:01:14.749+0000] {subprocess.py:93} INFO - 2025-03-28 00:01:14,749 - INFO - Scraping page 27...
[2025-03-28T00:01:16.938+0000] {subprocess.py:93} INFO - 2025-03-28 00:01:16,938 - INFO - Scraping page 28...
[2025-03-28T00:01:19.489+0000] {subprocess.py:93} INFO - 2025-03-28 00:01:19,489 - INFO - Scraping page 29...
[2025-03-28T00:01:21.743+0000] {subprocess.py:93} INFO - 2025-03-28 00:01:21,743 - INFO - Scraping page 30...
[2025-03-28T00:01:24.280+0000] {subprocess.py:93} INFO - 2025-03-28 00:01:24,280 - INFO - Data saved to /opt/***/data/raw_data.csv
[2025-03-28T00:01:24.350+0000] {subprocess.py:97} INFO - Command exited with return code 0
[2025-03-28T00:01:24.367+0000] {taskinstance.py:1398} INFO - Marking task as SUCCESS. dag_id=british_pipeline, task_id=scrape_british_data, execution_date=20250327T000000, start_date=20250328T000002, end_date=20250328T000124
[2025-03-28T00:01:24.394+0000] {local_task_job_runner.py:228} INFO - Task exited with return code 0
[2025-03-28T00:01:24.416+0000] {taskinstance.py:2776} INFO - 0 downstream tasks scheduled from follow-on schedule check
